-------------------------------------------------------------------------------
Test set: com.example.security.SpringSmartVehicle.SpringVehicleApplicationTests
-------------------------------------------------------------------------------
Tests run: 11, Failures: 6, Errors: 1, Skipped: 0, Time elapsed: 44.845 s <<< FAILURE! - in com.example.security.SpringSmartVehicle.SpringVehicleApplicationTests
testvehicletype  Time elapsed: 0.199 s  <<< FAILURE!
java.lang.AssertionError: Status expected:<200> but was:<401>
	at com.example.security.SpringSmartVehicle.SpringVehicleApplicationTests.testvehicletype(SpringVehicleApplicationTests.java:89)

testdllist  Time elapsed: 0.012 s  <<< FAILURE!
java.lang.AssertionError: Status expected:<200> but was:<401>
	at com.example.security.SpringSmartVehicle.SpringVehicleApplicationTests.testdllist(SpringVehicleApplicationTests.java:74)

testpolice  Time elapsed: 0.012 s  <<< FAILURE!
java.lang.AssertionError: Status expected:<200> but was:<401>
	at com.example.security.SpringSmartVehicle.SpringVehicleApplicationTests.testpolice(SpringVehicleApplicationTests.java:102)

testallowaccess  Time elapsed: 0.01 s  <<< FAILURE!
java.lang.AssertionError: Status expected:<200> but was:<401>
	at com.example.security.SpringSmartVehicle.SpringVehicleApplicationTests.testallowaccess(SpringVehicleApplicationTests.java:96)

testUserPage  Time elapsed: 0.012 s  <<< FAILURE!
java.lang.AssertionError: Status expected:<200> but was:<401>
	at com.example.security.SpringSmartVehicle.SpringVehicleApplicationTests.testUserPage(SpringVehicleApplicationTests.java:80)

testadmincreatedl  Time elapsed: 0.007 s  <<< FAILURE!
java.lang.AssertionError: Status expected:<200> but was:<401>
	at com.example.security.SpringSmartVehicle.SpringVehicleApplicationTests.testadmincreatedl(SpringVehicleApplicationTests.java:69)

testfindUserByMobileNumber  Time elapsed: 0.02 s  <<< ERROR!
java.lang.NullPointerException
	at com.example.security.SpringSmartVehicle.SpringVehicleApplicationTests.testfindUserByMobileNumber(SpringVehicleApplicationTests.java:153)

